H:\RECORDCAMERA\RECORDCAMERA\DEBUG\RECORDCAMERA.PCH
H:\RECORDCAMERA\RECORDCAMERA\DEBUG\STDAFX.OBJ
H:\RECORDCAMERA\RECORDCAMERA\DEBUG\VC110.PDB
H:\RECORDCAMERA\RECORDCAMERA\DEBUG\FCLOCKMUTEX.OBJ
H:\RECORDCAMERA\RECORDCAMERA\DEBUG\FCONDITIONVARIABLE.OBJ
H:\RECORDCAMERA\RECORDCAMERA\DEBUG\FCSEMAPHORE.OBJ
H:\RECORDCAMERA\RECORDCAMERA\DEBUG\FCSIMPLETHREAD.OBJ
H:\RECORDCAMERA\RECORDCAMERA\DEBUG\FDCAPTURE.OBJ
H:\RECORDCAMERA\RECORDCAMERA\DEBUG\FDSCAPTUREDEVICE.OBJ
H:\RECORDCAMERA\RECORDCAMERA\DEBUG\FDSCAPTUREMANAGER.OBJ
H:\RECORDCAMERA\RECORDCAMERA\DEBUG\FDSGRABBERCALLBACK.OBJ
H:\RECORDCAMERA\RECORDCAMERA\DEBUG\FDSGRAPH.OBJ
H:\RECORDCAMERA\RECORDCAMERA\DEBUG\FDSVIDEOCAPTUREDEVICE.OBJ
H:\RECORDCAMERA\RECORDCAMERA\DEBUG\FH264ENCODE.OBJ
H:\RECORDCAMERA\RECORDCAMERA\DEBUG\FVIDEOENCODERTHREAD.OBJ
H:\RECORDCAMERA\RECORDCAMERA\DEBUG\RECORDCAMERA.OBJ
H:\RECORDCAMERA\RECORDCAMERA\DEBUG\RECORDCAMERADLG.OBJ
H:\RECORDCAMERA\RECORDCAMERA\DEBUG\FDSVIDEOGRAPH.OBJ
H:\RECORDCAMERA\RECORDCAMERA\DEBUG\RECORDCAMERA.RES
H:\RECORDCAMERA\DEBUG\RECORDCAMERA.ILK
H:\RECORDCAMERA\DEBUG\RECORDCAMERA.EXE
H:\RECORDCAMERA\DEBUG\RECORDCAMERA.PDB
H:\RecordCamera\RecordCamera\Debug\stdafx.obj
H:\RecordCamera\RecordCamera\Debug\FCLockMutex.obj
H:\RecordCamera\RecordCamera\Debug\FConditionVariable.obj
H:\RecordCamera\RecordCamera\Debug\FCSemaphore.obj
H:\RecordCamera\RecordCamera\Debug\FCSimpleThread.obj
H:\RecordCamera\RecordCamera\Debug\FDCapture.obj
H:\RecordCamera\RecordCamera\Debug\FDSCaptureDevice.obj
H:\RecordCamera\RecordCamera\Debug\FDSCaptureManager.obj
H:\RecordCamera\RecordCamera\Debug\FDSGrabberCallback.obj
H:\RecordCamera\RecordCamera\Debug\FDSGraph.obj
H:\RecordCamera\RecordCamera\Debug\FDSVideoCaptureDevice.obj
H:\RecordCamera\RecordCamera\Debug\FH264Encode.obj
H:\RecordCamera\RecordCamera\Debug\FVideoEncoderThread.obj
H:\RecordCamera\RecordCamera\Debug\RecordCamera.obj
H:\RecordCamera\RecordCamera\Debug\RecordCameraDlg.obj
H:\RecordCamera\RecordCamera\Debug\FDSVideoGraph.obj
H:\RecordCamera\RecordCamera\Debug\CL.read.1.tlog
H:\RecordCamera\RecordCamera\Debug\CL.write.1.tlog
H:\RecordCamera\RecordCamera\Debug\cl.command.1.tlog
H:\RecordCamera\RecordCamera\Debug\rc.read.1.tlog
H:\RecordCamera\RecordCamera\Debug\rc.write.1.tlog
H:\RecordCamera\RecordCamera\Debug\rc.command.1.tlog
H:\RecordCamera\RecordCamera\Debug\link-mt.read.1.tlog
H:\RecordCamera\RecordCamera\Debug\link-mt.write.1.tlog
H:\RecordCamera\RecordCamera\Debug\link-rc.read.1.tlog
H:\RecordCamera\RecordCamera\Debug\link-rc.write.1.tlog
H:\RecordCamera\RecordCamera\Debug\link-cvtres.read.1.tlog
H:\RecordCamera\RecordCamera\Debug\link-cvtres.write.1.tlog
H:\RecordCamera\RecordCamera\Debug\link.read.3.tlog
H:\RecordCamera\RecordCamera\Debug\link.read.1.tlog
H:\RecordCamera\RecordCamera\Debug\link.write.1.tlog
H:\RecordCamera\RecordCamera\Debug\link.command.1.tlog
H:\RecordCamera\RecordCamera\Debug\link.7308-mt.read.1.tlog
H:\RecordCamera\RecordCamera\Debug\link.7308-mt.write.1.tlog
H:\RecordCamera\RecordCamera\Debug\link.7308-rc.read.1.tlog
H:\RecordCamera\RecordCamera\Debug\link.7308-rc.write.1.tlog
H:\RecordCamera\RecordCamera\Debug\link.7308-cvtres.read.1.tlog
H:\RecordCamera\RecordCamera\Debug\link.7308-cvtres.write.1.tlog
H:\RecordCamera\RecordCamera\Debug\link.7308.read.3.tlog
H:\RecordCamera\RecordCamera\Debug\link.7308.read.1.tlog
H:\RecordCamera\RecordCamera\Debug\link.7308.write.1.tlog
H:\RecordCamera\RecordCamera\Debug\RecordCamera.res
H:\RecordCamera\RecordCamera\Debug\RecordCamera.pch
H:\RecordCamera\RecordCamera\Debug\vc110.idb
H:\RecordCamera\RecordCamera\Debug\vc110.pdb
H:\RecordCamera\Debug\RecordCamera.pdb
H:\RecordCamera\Debug\RecordCamera.exe
H:\RecordCamera\Debug\RecordCamera.ilk
